2025-07-01 11:16:06 INFO  Hooks:41 - Starting scenario: Capture error message on invalid phone number submission
2025-07-01 11:17:58 ERROR Hooks:78 - Scenario failed: Capture error message on invalid phone number submission
2025-07-01 11:17:58 ERROR Hooks:89 - WebDriver error while taking screenshot: no such window: target window already closed
from unknown error: web view not found
  (Session info: chrome=137.0.7151.69)
Build info: version: '4.32.0', revision: 'd17c8aa950'
System info: os.name: 'Windows 11', os.arch: 'amd64', os.version: '10.0', java.version: '24.0.1'
Driver info: org.openqa.selenium.chrome.ChromeDriver
Command: [d205939f4d75eb1dcb537af303ed51ed, screenshot {}]
Capabilities {acceptInsecureCerts: false, browserName: chrome, browserVersion: 137.0.7151.69, chrome: {chromedriverVersion: 137.0.7151.119 (e0ac9d12dff..., userDataDir: C:\Users\2408719\AppData\Lo...}, fedcm:accounts: true, goog:chromeOptions: {debuggerAddress: localhost:51560}, networkConnectionEnabled: false, pageLoadStrategy: normal, platformName: windows, proxy: Proxy(), se:cdp: ws://localhost:51560/devtoo..., se:cdpVersion: 137.0.7151.69, setWindowRect: true, strictFileInteractability: false, timeouts: {implicit: 0, pageLoad: 300000, script: 30000}, unhandledPromptBehavior: dismiss and notify, webauthn:extension:credBlob: true, webauthn:extension:largeBlob: true, webauthn:extension:minPinLength: true, webauthn:extension:prf: true, webauthn:virtualAuthenticators: true}
Session ID: d205939f4d75eb1dcb537af303ed51ed
org.openqa.selenium.NoSuchWindowException: no such window: target window already closed
from unknown error: web view not found
  (Session info: chrome=137.0.7151.69)
Build info: version: '4.32.0', revision: 'd17c8aa950'
System info: os.name: 'Windows 11', os.arch: 'amd64', os.version: '10.0', java.version: '24.0.1'
Driver info: org.openqa.selenium.chrome.ChromeDriver
Command: [d205939f4d75eb1dcb537af303ed51ed, screenshot {}]
Capabilities {acceptInsecureCerts: false, browserName: chrome, browserVersion: 137.0.7151.69, chrome: {chromedriverVersion: 137.0.7151.119 (e0ac9d12dff..., userDataDir: C:\Users\2408719\AppData\Lo...}, fedcm:accounts: true, goog:chromeOptions: {debuggerAddress: localhost:51560}, networkConnectionEnabled: false, pageLoadStrategy: normal, platformName: windows, proxy: Proxy(), se:cdp: ws://localhost:51560/devtoo..., se:cdpVersion: 137.0.7151.69, setWindowRect: true, strictFileInteractability: false, timeouts: {implicit: 0, pageLoad: 300000, script: 30000}, unhandledPromptBehavior: dismiss and notify, webauthn:extension:credBlob: true, webauthn:extension:largeBlob: true, webauthn:extension:minPinLength: true, webauthn:extension:prf: true, webauthn:virtualAuthenticators: true}
Session ID: d205939f4d75eb1dcb537af303ed51ed
	at java.base/jdk.internal.reflect.DirectConstructorHandleAccessor.newInstance(DirectConstructorHandleAccessor.java:62) ~[?:?]
	at java.base/java.lang.reflect.Constructor.newInstanceWithCaller(Constructor.java:499) ~[?:?]
	at java.base/java.lang.reflect.Constructor.newInstance(Constructor.java:483) ~[?:?]
	at org.openqa.selenium.remote.ErrorCodec.decode(ErrorCodec.java:167) ~[selenium-remote-driver-4.32.0.jar:?]
	at org.openqa.selenium.remote.codec.w3c.W3CHttpResponseCodec.decode(W3CHttpResponseCodec.java:138) ~[selenium-remote-driver-4.32.0.jar:?]
	at org.openqa.selenium.remote.codec.w3c.W3CHttpResponseCodec.decode(W3CHttpResponseCodec.java:50) ~[selenium-remote-driver-4.32.0.jar:?]
	at org.openqa.selenium.remote.HttpCommandExecutor.execute(HttpCommandExecutor.java:215) ~[selenium-remote-driver-4.32.0.jar:?]
	at org.openqa.selenium.remote.service.DriverCommandExecutor.invokeExecute(DriverCommandExecutor.java:216) ~[selenium-remote-driver-4.32.0.jar:?]
	at org.openqa.selenium.remote.service.DriverCommandExecutor.execute(DriverCommandExecutor.java:174) ~[selenium-remote-driver-4.32.0.jar:?]
	at org.openqa.selenium.remote.RemoteWebDriver.execute(RemoteWebDriver.java:545) ~[selenium-remote-driver-4.32.0.jar:?]
	at org.openqa.selenium.remote.RemoteWebDriver.execute(RemoteWebDriver.java:618) ~[selenium-remote-driver-4.32.0.jar:?]
	at org.openqa.selenium.remote.RemoteWebDriver.execute(RemoteWebDriver.java:622) ~[selenium-remote-driver-4.32.0.jar:?]
	at org.openqa.selenium.remote.RemoteWebDriver.getScreenshotAs(RemoteWebDriver.java:334) ~[selenium-remote-driver-4.32.0.jar:?]
	at stepdefinitions.Hooks.teardown(Hooks.java:83) [test-classes/:?]
	at java.base/jdk.internal.reflect.DirectMethodHandleAccessor.invoke(DirectMethodHandleAccessor.java:104) ~[?:?]
	at java.base/java.lang.reflect.Method.invoke(Method.java:565) ~[?:?]
	at io.cucumber.java.Invoker.doInvoke(Invoker.java:66) [cucumber-java-7.23.0.jar:7.23.0]
	at io.cucumber.java.Invoker.invoke(Invoker.java:24) [cucumber-java-7.23.0.jar:7.23.0]
	at io.cucumber.java.AbstractGlueDefinition.invokeMethod(AbstractGlueDefinition.java:47) [cucumber-java-7.23.0.jar:7.23.0]
	at io.cucumber.java.JavaHookDefinition.execute(JavaHookDefinition.java:68) [cucumber-java-7.23.0.jar:7.23.0]
	at io.cucumber.core.runner.CoreHookDefinition.execute(CoreHookDefinition.java:47) [cucumber-core-7.23.0.jar:7.23.0]
	at io.cucumber.core.runner.HookDefinitionMatch.runStep(HookDefinitionMatch.java:21) [cucumber-core-7.23.0.jar:7.23.0]
	at io.cucumber.core.runner.ExecutionMode$1.execute(ExecutionMode.java:10) [cucumber-core-7.23.0.jar:7.23.0]
	at io.cucumber.core.runner.TestStep.executeStep(TestStep.java:81) [cucumber-core-7.23.0.jar:7.23.0]
	at io.cucumber.core.runner.TestStep.run(TestStep.java:53) [cucumber-core-7.23.0.jar:7.23.0]
	at io.cucumber.core.runner.TestCase.run(TestCase.java:92) [cucumber-core-7.23.0.jar:7.23.0]
	at io.cucumber.core.runner.Runner.runPickle(Runner.java:77) [cucumber-core-7.23.0.jar:7.23.0]
	at io.cucumber.junit.PickleRunners$NoStepDescriptions.lambda$run$0(PickleRunners.java:151) [cucumber-junit-7.23.0.jar:7.23.0]
	at io.cucumber.core.runtime.CucumberExecutionContext.lambda$runTestCase$5(CucumberExecutionContext.java:136) [cucumber-core-7.23.0.jar:7.23.0]
	at io.cucumber.core.runtime.RethrowingThrowableCollector.executeAndThrow(RethrowingThrowableCollector.java:23) [cucumber-core-7.23.0.jar:7.23.0]
	at io.cucumber.core.runtime.CucumberExecutionContext.runTestCase(CucumberExecutionContext.java:136) [cucumber-core-7.23.0.jar:7.23.0]
	at io.cucumber.junit.PickleRunners$NoStepDescriptions.run(PickleRunners.java:148) [cucumber-junit-7.23.0.jar:7.23.0]
	at io.cucumber.junit.FeatureRunner.runChild(FeatureRunner.java:144) [cucumber-junit-7.23.0.jar:7.23.0]
	at io.cucumber.junit.FeatureRunner.runChild(FeatureRunner.java:28) [cucumber-junit-7.23.0.jar:7.23.0]
	at org.junit.runners.ParentRunner$4.run(ParentRunner.java:331) [junit-4.13.2.jar:4.13.2]
	at org.junit.runners.ParentRunner$1.schedule(ParentRunner.java:79) [junit-4.13.2.jar:4.13.2]
	at org.junit.runners.ParentRunner.runChildren(ParentRunner.java:329) [junit-4.13.2.jar:4.13.2]
	at org.junit.runners.ParentRunner.access$100(ParentRunner.java:66) [junit-4.13.2.jar:4.13.2]
	at org.junit.runners.ParentRunner$2.evaluate(ParentRunner.java:293) [junit-4.13.2.jar:4.13.2]
	at org.junit.runners.ParentRunner$3.evaluate(ParentRunner.java:306) [junit-4.13.2.jar:4.13.2]
	at org.junit.runners.ParentRunner.run(ParentRunner.java:413) [junit-4.13.2.jar:4.13.2]
	at io.cucumber.junit.FeatureRunner.run(FeatureRunner.java:137) [cucumber-junit-7.23.0.jar:7.23.0]
	at io.cucumber.junit.Cucumber.runChild(Cucumber.java:199) [cucumber-junit-7.23.0.jar:7.23.0]
	at io.cucumber.junit.Cucumber.runChild(Cucumber.java:89) [cucumber-junit-7.23.0.jar:7.23.0]
	at org.junit.runners.ParentRunner$4.run(ParentRunner.java:331) [junit-4.13.2.jar:4.13.2]
	at org.junit.runners.ParentRunner$1.schedule(ParentRunner.java:79) [junit-4.13.2.jar:4.13.2]
	at org.junit.runners.ParentRunner.runChildren(ParentRunner.java:329) [junit-4.13.2.jar:4.13.2]
	at org.junit.runners.ParentRunner.access$100(ParentRunner.java:66) [junit-4.13.2.jar:4.13.2]
	at org.junit.runners.ParentRunner$2.evaluate(ParentRunner.java:293) [junit-4.13.2.jar:4.13.2]
	at io.cucumber.core.runtime.CucumberExecutionContext.lambda$runFeatures$6(CucumberExecutionContext.java:147) [cucumber-core-7.23.0.jar:7.23.0]
	at io.cucumber.core.runtime.CucumberExecutionContext.execute(CucumberExecutionContext.java:162) [cucumber-core-7.23.0.jar:7.23.0]
	at io.cucumber.core.runtime.CucumberExecutionContext.runFeatures(CucumberExecutionContext.java:145) [cucumber-core-7.23.0.jar:7.23.0]
	at io.cucumber.junit.Cucumber$StartAndFinishTestRun.evaluate(Cucumber.java:229) [cucumber-junit-7.23.0.jar:7.23.0]
	at org.junit.runners.ParentRunner$3.evaluate(ParentRunner.java:306) [junit-4.13.2.jar:4.13.2]
	at org.junit.runners.ParentRunner.run(ParentRunner.java:413) [junit-4.13.2.jar:4.13.2]
	at org.junit.runner.JUnitCore.run(JUnitCore.java:137) [junit-4.13.2.jar:4.13.2]
	at com.intellij.junit4.JUnit4IdeaTestRunner.startRunnerWithArgs(JUnit4IdeaTestRunner.java:69) [junit-rt.jar:?]
	at com.intellij.rt.junit.IdeaTestRunner$Repeater$1.execute(IdeaTestRunner.java:38) [junit-rt.jar:?]
	at com.intellij.rt.execution.junit.TestsRepeater.repeat(TestsRepeater.java:11) [idea_rt.jar:?]
	at com.intellij.rt.junit.IdeaTestRunner$Repeater.startRunnerWithArgs(IdeaTestRunner.java:35) [junit-rt.jar:?]
	at com.intellij.rt.junit.JUnitStarter.prepareStreamsAndStart(JUnitStarter.java:231) [junit-rt.jar:?]
	at com.intellij.rt.junit.JUnitStarter.main(JUnitStarter.java:55) [junit-rt.jar:?]
2025-07-01 11:18:01 INFO  Hooks:97 - Finished scenario: Capture error message on invalid phone number submission with status: FAILED
2025-07-01 11:25:39 INFO  Hooks:41 - Starting scenario: Display top 5 car wash services meeting criteria
2025-07-01 11:26:43 INFO  Hooks:61 - Clicked 'Maybe Later' popup during setup.
2025-07-01 11:27:01 ERROR Hooks:78 - Scenario failed: Display top 5 car wash services meeting criteria
2025-07-01 11:27:01 INFO  Hooks:86 - Screenshot taken and attached for failed scenario: Display top 5 car wash services meeting criteria
2025-07-01 11:27:06 INFO  Hooks:97 - Finished scenario: Display top 5 car wash services meeting criteria with status: FAILED
2025-07-01 11:27:06 INFO  Hooks:41 - Starting scenario: Capture error message on invalid phone number submission
2025-07-01 11:27:39 ERROR Hooks:78 - Scenario failed: Capture error message on invalid phone number submission
2025-07-01 11:27:39 ERROR Hooks:89 - WebDriver error while taking screenshot: no such window: target window already closed
from unknown error: web view not found
  (Session info: chrome=137.0.7151.69)
Build info: version: '4.32.0', revision: 'd17c8aa950'
System info: os.name: 'Windows 11', os.arch: 'amd64', os.version: '10.0', java.version: '24.0.1'
Driver info: org.openqa.selenium.chrome.ChromeDriver
Command: [35f1c18b24f7d8365db3562a6dff602d, screenshot {}]
Capabilities {acceptInsecureCerts: false, browserName: chrome, browserVersion: 137.0.7151.69, chrome: {chromedriverVersion: 137.0.7151.119 (e0ac9d12dff..., userDataDir: C:\Users\2408719\AppData\Lo...}, fedcm:accounts: true, goog:chromeOptions: {debuggerAddress: localhost:52460}, networkConnectionEnabled: false, pageLoadStrategy: normal, platformName: windows, proxy: Proxy(), se:cdp: ws://localhost:52460/devtoo..., se:cdpVersion: 137.0.7151.69, setWindowRect: true, strictFileInteractability: false, timeouts: {implicit: 0, pageLoad: 300000, script: 30000}, unhandledPromptBehavior: dismiss and notify, webauthn:extension:credBlob: true, webauthn:extension:largeBlob: true, webauthn:extension:minPinLength: true, webauthn:extension:prf: true, webauthn:virtualAuthenticators: true}
Session ID: 35f1c18b24f7d8365db3562a6dff602d
org.openqa.selenium.NoSuchWindowException: no such window: target window already closed
from unknown error: web view not found
  (Session info: chrome=137.0.7151.69)
Build info: version: '4.32.0', revision: 'd17c8aa950'
System info: os.name: 'Windows 11', os.arch: 'amd64', os.version: '10.0', java.version: '24.0.1'
Driver info: org.openqa.selenium.chrome.ChromeDriver
Command: [35f1c18b24f7d8365db3562a6dff602d, screenshot {}]
Capabilities {acceptInsecureCerts: false, browserName: chrome, browserVersion: 137.0.7151.69, chrome: {chromedriverVersion: 137.0.7151.119 (e0ac9d12dff..., userDataDir: C:\Users\2408719\AppData\Lo...}, fedcm:accounts: true, goog:chromeOptions: {debuggerAddress: localhost:52460}, networkConnectionEnabled: false, pageLoadStrategy: normal, platformName: windows, proxy: Proxy(), se:cdp: ws://localhost:52460/devtoo..., se:cdpVersion: 137.0.7151.69, setWindowRect: true, strictFileInteractability: false, timeouts: {implicit: 0, pageLoad: 300000, script: 30000}, unhandledPromptBehavior: dismiss and notify, webauthn:extension:credBlob: true, webauthn:extension:largeBlob: true, webauthn:extension:minPinLength: true, webauthn:extension:prf: true, webauthn:virtualAuthenticators: true}
Session ID: 35f1c18b24f7d8365db3562a6dff602d
	at java.base/jdk.internal.reflect.DirectConstructorHandleAccessor.newInstance(DirectConstructorHandleAccessor.java:62) ~[?:?]
	at java.base/java.lang.reflect.Constructor.newInstanceWithCaller(Constructor.java:499) ~[?:?]
	at java.base/java.lang.reflect.Constructor.newInstance(Constructor.java:483) ~[?:?]
	at org.openqa.selenium.remote.ErrorCodec.decode(ErrorCodec.java:167) ~[selenium-remote-driver-4.32.0.jar:?]
	at org.openqa.selenium.remote.codec.w3c.W3CHttpResponseCodec.decode(W3CHttpResponseCodec.java:138) ~[selenium-remote-driver-4.32.0.jar:?]
	at org.openqa.selenium.remote.codec.w3c.W3CHttpResponseCodec.decode(W3CHttpResponseCodec.java:50) ~[selenium-remote-driver-4.32.0.jar:?]
	at org.openqa.selenium.remote.HttpCommandExecutor.execute(HttpCommandExecutor.java:215) ~[selenium-remote-driver-4.32.0.jar:?]
	at org.openqa.selenium.remote.service.DriverCommandExecutor.invokeExecute(DriverCommandExecutor.java:216) ~[selenium-remote-driver-4.32.0.jar:?]
	at org.openqa.selenium.remote.service.DriverCommandExecutor.execute(DriverCommandExecutor.java:174) ~[selenium-remote-driver-4.32.0.jar:?]
	at org.openqa.selenium.remote.RemoteWebDriver.execute(RemoteWebDriver.java:545) ~[selenium-remote-driver-4.32.0.jar:?]
	at org.openqa.selenium.remote.RemoteWebDriver.execute(RemoteWebDriver.java:618) ~[selenium-remote-driver-4.32.0.jar:?]
	at org.openqa.selenium.remote.RemoteWebDriver.execute(RemoteWebDriver.java:622) ~[selenium-remote-driver-4.32.0.jar:?]
	at org.openqa.selenium.remote.RemoteWebDriver.getScreenshotAs(RemoteWebDriver.java:334) ~[selenium-remote-driver-4.32.0.jar:?]
	at stepdefinitions.Hooks.teardown(Hooks.java:83) [test-classes/:?]
	at java.base/jdk.internal.reflect.DirectMethodHandleAccessor.invoke(DirectMethodHandleAccessor.java:104) ~[?:?]
	at java.base/java.lang.reflect.Method.invoke(Method.java:565) ~[?:?]
	at io.cucumber.java.Invoker.doInvoke(Invoker.java:66) [cucumber-java-7.23.0.jar:7.23.0]
	at io.cucumber.java.Invoker.invoke(Invoker.java:24) [cucumber-java-7.23.0.jar:7.23.0]
	at io.cucumber.java.AbstractGlueDefinition.invokeMethod(AbstractGlueDefinition.java:47) [cucumber-java-7.23.0.jar:7.23.0]
	at io.cucumber.java.JavaHookDefinition.execute(JavaHookDefinition.java:68) [cucumber-java-7.23.0.jar:7.23.0]
	at io.cucumber.core.runner.CoreHookDefinition.execute(CoreHookDefinition.java:47) [cucumber-core-7.23.0.jar:7.23.0]
	at io.cucumber.core.runner.HookDefinitionMatch.runStep(HookDefinitionMatch.java:21) [cucumber-core-7.23.0.jar:7.23.0]
	at io.cucumber.core.runner.ExecutionMode$1.execute(ExecutionMode.java:10) [cucumber-core-7.23.0.jar:7.23.0]
	at io.cucumber.core.runner.TestStep.executeStep(TestStep.java:81) [cucumber-core-7.23.0.jar:7.23.0]
	at io.cucumber.core.runner.TestStep.run(TestStep.java:53) [cucumber-core-7.23.0.jar:7.23.0]
	at io.cucumber.core.runner.TestCase.run(TestCase.java:92) [cucumber-core-7.23.0.jar:7.23.0]
	at io.cucumber.core.runner.Runner.runPickle(Runner.java:77) [cucumber-core-7.23.0.jar:7.23.0]
	at io.cucumber.junit.PickleRunners$NoStepDescriptions.lambda$run$0(PickleRunners.java:151) [cucumber-junit-7.23.0.jar:7.23.0]
	at io.cucumber.core.runtime.CucumberExecutionContext.lambda$runTestCase$5(CucumberExecutionContext.java:136) [cucumber-core-7.23.0.jar:7.23.0]
	at io.cucumber.core.runtime.RethrowingThrowableCollector.executeAndThrow(RethrowingThrowableCollector.java:23) [cucumber-core-7.23.0.jar:7.23.0]
	at io.cucumber.core.runtime.CucumberExecutionContext.runTestCase(CucumberExecutionContext.java:136) [cucumber-core-7.23.0.jar:7.23.0]
	at io.cucumber.junit.PickleRunners$NoStepDescriptions.run(PickleRunners.java:148) [cucumber-junit-7.23.0.jar:7.23.0]
	at io.cucumber.junit.FeatureRunner.runChild(FeatureRunner.java:144) [cucumber-junit-7.23.0.jar:7.23.0]
	at io.cucumber.junit.FeatureRunner.runChild(FeatureRunner.java:28) [cucumber-junit-7.23.0.jar:7.23.0]
	at org.junit.runners.ParentRunner$4.run(ParentRunner.java:331) [junit-4.13.2.jar:4.13.2]
	at org.junit.runners.ParentRunner$1.schedule(ParentRunner.java:79) [junit-4.13.2.jar:4.13.2]
	at org.junit.runners.ParentRunner.runChildren(ParentRunner.java:329) [junit-4.13.2.jar:4.13.2]
	at org.junit.runners.ParentRunner.access$100(ParentRunner.java:66) [junit-4.13.2.jar:4.13.2]
	at org.junit.runners.ParentRunner$2.evaluate(ParentRunner.java:293) [junit-4.13.2.jar:4.13.2]
	at org.junit.runners.ParentRunner$3.evaluate(ParentRunner.java:306) [junit-4.13.2.jar:4.13.2]
	at org.junit.runners.ParentRunner.run(ParentRunner.java:413) [junit-4.13.2.jar:4.13.2]
	at io.cucumber.junit.FeatureRunner.run(FeatureRunner.java:137) [cucumber-junit-7.23.0.jar:7.23.0]
	at io.cucumber.junit.Cucumber.runChild(Cucumber.java:199) [cucumber-junit-7.23.0.jar:7.23.0]
	at io.cucumber.junit.Cucumber.runChild(Cucumber.java:89) [cucumber-junit-7.23.0.jar:7.23.0]
	at org.junit.runners.ParentRunner$4.run(ParentRunner.java:331) [junit-4.13.2.jar:4.13.2]
	at org.junit.runners.ParentRunner$1.schedule(ParentRunner.java:79) [junit-4.13.2.jar:4.13.2]
	at org.junit.runners.ParentRunner.runChildren(ParentRunner.java:329) [junit-4.13.2.jar:4.13.2]
	at org.junit.runners.ParentRunner.access$100(ParentRunner.java:66) [junit-4.13.2.jar:4.13.2]
	at org.junit.runners.ParentRunner$2.evaluate(ParentRunner.java:293) [junit-4.13.2.jar:4.13.2]
	at io.cucumber.core.runtime.CucumberExecutionContext.lambda$runFeatures$6(CucumberExecutionContext.java:147) [cucumber-core-7.23.0.jar:7.23.0]
	at io.cucumber.core.runtime.CucumberExecutionContext.execute(CucumberExecutionContext.java:162) [cucumber-core-7.23.0.jar:7.23.0]
	at io.cucumber.core.runtime.CucumberExecutionContext.runFeatures(CucumberExecutionContext.java:145) [cucumber-core-7.23.0.jar:7.23.0]
	at io.cucumber.junit.Cucumber$StartAndFinishTestRun.evaluate(Cucumber.java:229) [cucumber-junit-7.23.0.jar:7.23.0]
	at org.junit.runners.ParentRunner$3.evaluate(ParentRunner.java:306) [junit-4.13.2.jar:4.13.2]
	at org.junit.runners.ParentRunner.run(ParentRunner.java:413) [junit-4.13.2.jar:4.13.2]
	at org.junit.runner.JUnitCore.run(JUnitCore.java:137) [junit-4.13.2.jar:4.13.2]
	at com.intellij.junit4.JUnit4IdeaTestRunner.startRunnerWithArgs(JUnit4IdeaTestRunner.java:69) [junit-rt.jar:?]
	at com.intellij.rt.junit.IdeaTestRunner$Repeater$1.execute(IdeaTestRunner.java:38) [junit-rt.jar:?]
	at com.intellij.rt.execution.junit.TestsRepeater.repeat(TestsRepeater.java:11) [idea_rt.jar:?]
	at com.intellij.rt.junit.IdeaTestRunner$Repeater.startRunnerWithArgs(IdeaTestRunner.java:35) [junit-rt.jar:?]
	at com.intellij.rt.junit.JUnitStarter.prepareStreamsAndStart(JUnitStarter.java:231) [junit-rt.jar:?]
	at com.intellij.rt.junit.JUnitStarter.main(JUnitStarter.java:55) [junit-rt.jar:?]
2025-07-01 11:27:42 INFO  Hooks:97 - Finished scenario: Capture error message on invalid phone number submission with status: FAILED
2025-07-01 11:27:42 INFO  Hooks:41 - Starting scenario: Retrieve and display sub-menu items under Fitness > Gym
2025-07-01 11:28:02 ERROR Hooks:78 - Scenario failed: Retrieve and display sub-menu items under Fitness > Gym
2025-07-01 11:28:02 ERROR Hooks:89 - WebDriver error while taking screenshot: no such window: target window already closed
from unknown error: web view not found
  (Session info: chrome=137.0.7151.69)
Build info: version: '4.32.0', revision: 'd17c8aa950'
System info: os.name: 'Windows 11', os.arch: 'amd64', os.version: '10.0', java.version: '24.0.1'
Driver info: org.openqa.selenium.chrome.ChromeDriver
Command: [45e09b2a2f1f00434669d6a18084c6df, screenshot {}]
Capabilities {acceptInsecureCerts: false, browserName: chrome, browserVersion: 137.0.7151.69, chrome: {chromedriverVersion: 137.0.7151.119 (e0ac9d12dff..., userDataDir: C:\Users\2408719\AppData\Lo...}, fedcm:accounts: true, goog:chromeOptions: {debuggerAddress: localhost:52659}, networkConnectionEnabled: false, pageLoadStrategy: normal, platformName: windows, proxy: Proxy(), se:cdp: ws://localhost:52659/devtoo..., se:cdpVersion: 137.0.7151.69, setWindowRect: true, strictFileInteractability: false, timeouts: {implicit: 0, pageLoad: 300000, script: 30000}, unhandledPromptBehavior: dismiss and notify, webauthn:extension:credBlob: true, webauthn:extension:largeBlob: true, webauthn:extension:minPinLength: true, webauthn:extension:prf: true, webauthn:virtualAuthenticators: true}
Session ID: 45e09b2a2f1f00434669d6a18084c6df
org.openqa.selenium.NoSuchWindowException: no such window: target window already closed
from unknown error: web view not found
  (Session info: chrome=137.0.7151.69)
Build info: version: '4.32.0', revision: 'd17c8aa950'
System info: os.name: 'Windows 11', os.arch: 'amd64', os.version: '10.0', java.version: '24.0.1'
Driver info: org.openqa.selenium.chrome.ChromeDriver
Command: [45e09b2a2f1f00434669d6a18084c6df, screenshot {}]
Capabilities {acceptInsecureCerts: false, browserName: chrome, browserVersion: 137.0.7151.69, chrome: {chromedriverVersion: 137.0.7151.119 (e0ac9d12dff..., userDataDir: C:\Users\2408719\AppData\Lo...}, fedcm:accounts: true, goog:chromeOptions: {debuggerAddress: localhost:52659}, networkConnectionEnabled: false, pageLoadStrategy: normal, platformName: windows, proxy: Proxy(), se:cdp: ws://localhost:52659/devtoo..., se:cdpVersion: 137.0.7151.69, setWindowRect: true, strictFileInteractability: false, timeouts: {implicit: 0, pageLoad: 300000, script: 30000}, unhandledPromptBehavior: dismiss and notify, webauthn:extension:credBlob: true, webauthn:extension:largeBlob: true, webauthn:extension:minPinLength: true, webauthn:extension:prf: true, webauthn:virtualAuthenticators: true}
Session ID: 45e09b2a2f1f00434669d6a18084c6df
	at java.base/jdk.internal.reflect.DirectConstructorHandleAccessor.newInstance(DirectConstructorHandleAccessor.java:62) ~[?:?]
	at java.base/java.lang.reflect.Constructor.newInstanceWithCaller(Constructor.java:499) ~[?:?]
	at java.base/java.lang.reflect.Constructor.newInstance(Constructor.java:483) ~[?:?]
	at org.openqa.selenium.remote.ErrorCodec.decode(ErrorCodec.java:167) ~[selenium-remote-driver-4.32.0.jar:?]
	at org.openqa.selenium.remote.codec.w3c.W3CHttpResponseCodec.decode(W3CHttpResponseCodec.java:138) ~[selenium-remote-driver-4.32.0.jar:?]
	at org.openqa.selenium.remote.codec.w3c.W3CHttpResponseCodec.decode(W3CHttpResponseCodec.java:50) ~[selenium-remote-driver-4.32.0.jar:?]
	at org.openqa.selenium.remote.HttpCommandExecutor.execute(HttpCommandExecutor.java:215) ~[selenium-remote-driver-4.32.0.jar:?]
	at org.openqa.selenium.remote.service.DriverCommandExecutor.invokeExecute(DriverCommandExecutor.java:216) ~[selenium-remote-driver-4.32.0.jar:?]
	at org.openqa.selenium.remote.service.DriverCommandExecutor.execute(DriverCommandExecutor.java:174) ~[selenium-remote-driver-4.32.0.jar:?]
	at org.openqa.selenium.remote.RemoteWebDriver.execute(RemoteWebDriver.java:545) ~[selenium-remote-driver-4.32.0.jar:?]
	at org.openqa.selenium.remote.RemoteWebDriver.execute(RemoteWebDriver.java:618) ~[selenium-remote-driver-4.32.0.jar:?]
	at org.openqa.selenium.remote.RemoteWebDriver.execute(RemoteWebDriver.java:622) ~[selenium-remote-driver-4.32.0.jar:?]
	at org.openqa.selenium.remote.RemoteWebDriver.getScreenshotAs(RemoteWebDriver.java:334) ~[selenium-remote-driver-4.32.0.jar:?]
	at stepdefinitions.Hooks.teardown(Hooks.java:83) [test-classes/:?]
	at java.base/jdk.internal.reflect.DirectMethodHandleAccessor.invoke(DirectMethodHandleAccessor.java:104) ~[?:?]
	at java.base/java.lang.reflect.Method.invoke(Method.java:565) ~[?:?]
	at io.cucumber.java.Invoker.doInvoke(Invoker.java:66) [cucumber-java-7.23.0.jar:7.23.0]
	at io.cucumber.java.Invoker.invoke(Invoker.java:24) [cucumber-java-7.23.0.jar:7.23.0]
	at io.cucumber.java.AbstractGlueDefinition.invokeMethod(AbstractGlueDefinition.java:47) [cucumber-java-7.23.0.jar:7.23.0]
	at io.cucumber.java.JavaHookDefinition.execute(JavaHookDefinition.java:68) [cucumber-java-7.23.0.jar:7.23.0]
	at io.cucumber.core.runner.CoreHookDefinition.execute(CoreHookDefinition.java:47) [cucumber-core-7.23.0.jar:7.23.0]
	at io.cucumber.core.runner.HookDefinitionMatch.runStep(HookDefinitionMatch.java:21) [cucumber-core-7.23.0.jar:7.23.0]
	at io.cucumber.core.runner.ExecutionMode$1.execute(ExecutionMode.java:10) [cucumber-core-7.23.0.jar:7.23.0]
	at io.cucumber.core.runner.TestStep.executeStep(TestStep.java:81) [cucumber-core-7.23.0.jar:7.23.0]
	at io.cucumber.core.runner.TestStep.run(TestStep.java:53) [cucumber-core-7.23.0.jar:7.23.0]
	at io.cucumber.core.runner.TestCase.run(TestCase.java:92) [cucumber-core-7.23.0.jar:7.23.0]
	at io.cucumber.core.runner.Runner.runPickle(Runner.java:77) [cucumber-core-7.23.0.jar:7.23.0]
	at io.cucumber.junit.PickleRunners$NoStepDescriptions.lambda$run$0(PickleRunners.java:151) [cucumber-junit-7.23.0.jar:7.23.0]
	at io.cucumber.core.runtime.CucumberExecutionContext.lambda$runTestCase$5(CucumberExecutionContext.java:136) [cucumber-core-7.23.0.jar:7.23.0]
	at io.cucumber.core.runtime.RethrowingThrowableCollector.executeAndThrow(RethrowingThrowableCollector.java:23) [cucumber-core-7.23.0.jar:7.23.0]
	at io.cucumber.core.runtime.CucumberExecutionContext.runTestCase(CucumberExecutionContext.java:136) [cucumber-core-7.23.0.jar:7.23.0]
	at io.cucumber.junit.PickleRunners$NoStepDescriptions.run(PickleRunners.java:148) [cucumber-junit-7.23.0.jar:7.23.0]
	at io.cucumber.junit.FeatureRunner.runChild(FeatureRunner.java:144) [cucumber-junit-7.23.0.jar:7.23.0]
	at io.cucumber.junit.FeatureRunner.runChild(FeatureRunner.java:28) [cucumber-junit-7.23.0.jar:7.23.0]
	at org.junit.runners.ParentRunner$4.run(ParentRunner.java:331) [junit-4.13.2.jar:4.13.2]
	at org.junit.runners.ParentRunner$1.schedule(ParentRunner.java:79) [junit-4.13.2.jar:4.13.2]
	at org.junit.runners.ParentRunner.runChildren(ParentRunner.java:329) [junit-4.13.2.jar:4.13.2]
	at org.junit.runners.ParentRunner.access$100(ParentRunner.java:66) [junit-4.13.2.jar:4.13.2]
	at org.junit.runners.ParentRunner$2.evaluate(ParentRunner.java:293) [junit-4.13.2.jar:4.13.2]
	at org.junit.runners.ParentRunner$3.evaluate(ParentRunner.java:306) [junit-4.13.2.jar:4.13.2]
	at org.junit.runners.ParentRunner.run(ParentRunner.java:413) [junit-4.13.2.jar:4.13.2]
	at io.cucumber.junit.FeatureRunner.run(FeatureRunner.java:137) [cucumber-junit-7.23.0.jar:7.23.0]
	at io.cucumber.junit.Cucumber.runChild(Cucumber.java:199) [cucumber-junit-7.23.0.jar:7.23.0]
	at io.cucumber.junit.Cucumber.runChild(Cucumber.java:89) [cucumber-junit-7.23.0.jar:7.23.0]
	at org.junit.runners.ParentRunner$4.run(ParentRunner.java:331) [junit-4.13.2.jar:4.13.2]
	at org.junit.runners.ParentRunner$1.schedule(ParentRunner.java:79) [junit-4.13.2.jar:4.13.2]
	at org.junit.runners.ParentRunner.runChildren(ParentRunner.java:329) [junit-4.13.2.jar:4.13.2]
	at org.junit.runners.ParentRunner.access$100(ParentRunner.java:66) [junit-4.13.2.jar:4.13.2]
	at org.junit.runners.ParentRunner$2.evaluate(ParentRunner.java:293) [junit-4.13.2.jar:4.13.2]
	at io.cucumber.core.runtime.CucumberExecutionContext.lambda$runFeatures$6(CucumberExecutionContext.java:147) [cucumber-core-7.23.0.jar:7.23.0]
	at io.cucumber.core.runtime.CucumberExecutionContext.execute(CucumberExecutionContext.java:162) [cucumber-core-7.23.0.jar:7.23.0]
	at io.cucumber.core.runtime.CucumberExecutionContext.runFeatures(CucumberExecutionContext.java:145) [cucumber-core-7.23.0.jar:7.23.0]
	at io.cucumber.junit.Cucumber$StartAndFinishTestRun.evaluate(Cucumber.java:229) [cucumber-junit-7.23.0.jar:7.23.0]
	at org.junit.runners.ParentRunner$3.evaluate(ParentRunner.java:306) [junit-4.13.2.jar:4.13.2]
	at org.junit.runners.ParentRunner.run(ParentRunner.java:413) [junit-4.13.2.jar:4.13.2]
	at org.junit.runner.JUnitCore.run(JUnitCore.java:137) [junit-4.13.2.jar:4.13.2]
	at com.intellij.junit4.JUnit4IdeaTestRunner.startRunnerWithArgs(JUnit4IdeaTestRunner.java:69) [junit-rt.jar:?]
	at com.intellij.rt.junit.IdeaTestRunner$Repeater$1.execute(IdeaTestRunner.java:38) [junit-rt.jar:?]
	at com.intellij.rt.execution.junit.TestsRepeater.repeat(TestsRepeater.java:11) [idea_rt.jar:?]
	at com.intellij.rt.junit.IdeaTestRunner$Repeater.startRunnerWithArgs(IdeaTestRunner.java:35) [junit-rt.jar:?]
	at com.intellij.rt.junit.JUnitStarter.prepareStreamsAndStart(JUnitStarter.java:231) [junit-rt.jar:?]
	at com.intellij.rt.junit.JUnitStarter.main(JUnitStarter.java:55) [junit-rt.jar:?]
2025-07-01 11:28:06 INFO  Hooks:97 - Finished scenario: Retrieve and display sub-menu items under Fitness > Gym with status: FAILED
2025-07-01 11:39:13 INFO  Hooks:41 - Starting scenario: Display top 5 car wash services meeting criteria
2025-07-01 11:40:01 INFO  Hooks:60 - Clicked 'Maybe Later' popup during setup.
2025-07-01 11:41:22 INFO  Hooks:96 - Finished scenario: Display top 5 car wash services meeting criteria with status: PASSED
2025-07-01 11:41:22 INFO  Hooks:41 - Starting scenario: Capture error message on invalid phone number submission
2025-07-01 11:41:55 INFO  Hooks:60 - Clicked 'Maybe Later' popup during setup.
2025-07-01 11:42:42 ERROR Hooks:77 - Scenario failed: Capture error message on invalid phone number submission
2025-07-01 11:42:43 INFO  Hooks:85 - Screenshot taken and attached for failed scenario: Capture error message on invalid phone number submission
2025-07-01 11:42:48 INFO  Hooks:96 - Finished scenario: Capture error message on invalid phone number submission with status: FAILED
2025-07-01 11:42:49 INFO  Hooks:41 - Starting scenario: Retrieve and display sub-menu items under Fitness > Gym
2025-07-01 11:43:17 INFO  Hooks:60 - Clicked 'Maybe Later' popup during setup.
2025-07-01 11:44:05 INFO  Hooks:96 - Finished scenario: Retrieve and display sub-menu items under Fitness > Gym with status: PASSED
2025-07-01 11:47:28 INFO  Hooks:41 - Starting scenario: Display top 5 car wash services meeting criteria
2025-07-01 11:48:31 INFO  Hooks:60 - Clicked 'Maybe Later' popup during setup.
2025-07-01 11:49:50 ERROR Hooks:77 - Scenario failed: Display top 5 car wash services meeting criteria
2025-07-01 11:49:50 INFO  Hooks:85 - Screenshot taken and attached for failed scenario: Display top 5 car wash services meeting criteria
2025-07-01 11:49:55 INFO  Hooks:96 - Finished scenario: Display top 5 car wash services meeting criteria with status: FAILED
2025-07-01 11:49:55 INFO  Hooks:41 - Starting scenario: Capture error message on invalid phone number submission
2025-07-01 11:52:20 INFO  Hooks:62 - No 'Maybe Later' popup found during setup.
2025-07-01 11:52:47 ERROR Hooks:77 - Scenario failed: Capture error message on invalid phone number submission
2025-07-01 11:52:48 INFO  Hooks:85 - Screenshot taken and attached for failed scenario: Capture error message on invalid phone number submission
2025-07-01 11:52:54 INFO  Hooks:96 - Finished scenario: Capture error message on invalid phone number submission with status: FAILED
2025-07-01 11:52:54 INFO  Hooks:41 - Starting scenario: Retrieve and display sub-menu items under Fitness > Gym
2025-07-01 11:56:06 INFO  Hooks:96 - Finished scenario: Display top 5 car wash services meeting criteria with status: PASSED
2025-07-01 11:56:30 ERROR Hooks:77 - Scenario failed: Capture error message on invalid phone number submission
2025-07-01 11:56:30 ERROR Hooks:91 - Failed to take or attach screenshot: Cannot invoke "org.openqa.selenium.TakesScreenshot.getScreenshotAs(org.openqa.selenium.OutputType)" because "tss" is null
java.lang.NullPointerException: Cannot invoke "org.openqa.selenium.TakesScreenshot.getScreenshotAs(org.openqa.selenium.OutputType)" because "tss" is null
	at stepdefinitions.Hooks.teardown(Hooks.java:82) [test-classes/:?]
	at java.base/jdk.internal.reflect.DirectMethodHandleAccessor.invoke(DirectMethodHandleAccessor.java:104) ~[?:?]
	at java.base/java.lang.reflect.Method.invoke(Method.java:565) ~[?:?]
	at io.cucumber.java.Invoker.doInvoke(Invoker.java:66) [cucumber-java-7.23.0.jar:7.23.0]
	at io.cucumber.java.Invoker.invoke(Invoker.java:24) [cucumber-java-7.23.0.jar:7.23.0]
	at io.cucumber.java.AbstractGlueDefinition.invokeMethod(AbstractGlueDefinition.java:47) [cucumber-java-7.23.0.jar:7.23.0]
	at io.cucumber.java.JavaHookDefinition.execute(JavaHookDefinition.java:68) [cucumber-java-7.23.0.jar:7.23.0]
	at io.cucumber.core.runner.CoreHookDefinition.execute(CoreHookDefinition.java:47) [cucumber-core-7.23.0.jar:7.23.0]
	at io.cucumber.core.runner.HookDefinitionMatch.runStep(HookDefinitionMatch.java:21) [cucumber-core-7.23.0.jar:7.23.0]
	at io.cucumber.core.runner.ExecutionMode$1.execute(ExecutionMode.java:10) [cucumber-core-7.23.0.jar:7.23.0]
	at io.cucumber.core.runner.TestStep.executeStep(TestStep.java:81) [cucumber-core-7.23.0.jar:7.23.0]
	at io.cucumber.core.runner.TestStep.run(TestStep.java:53) [cucumber-core-7.23.0.jar:7.23.0]
	at io.cucumber.core.runner.TestCase.run(TestCase.java:92) [cucumber-core-7.23.0.jar:7.23.0]
	at io.cucumber.core.runner.Runner.runPickle(Runner.java:77) [cucumber-core-7.23.0.jar:7.23.0]
	at io.cucumber.junit.PickleRunners$NoStepDescriptions.lambda$run$0(PickleRunners.java:151) [cucumber-junit-7.23.0.jar:7.23.0]
	at io.cucumber.core.runtime.CucumberExecutionContext.lambda$runTestCase$5(CucumberExecutionContext.java:136) [cucumber-core-7.23.0.jar:7.23.0]
	at io.cucumber.core.runtime.RethrowingThrowableCollector.executeAndThrow(RethrowingThrowableCollector.java:23) [cucumber-core-7.23.0.jar:7.23.0]
	at io.cucumber.core.runtime.CucumberExecutionContext.runTestCase(CucumberExecutionContext.java:136) [cucumber-core-7.23.0.jar:7.23.0]
	at io.cucumber.junit.PickleRunners$NoStepDescriptions.run(PickleRunners.java:148) [cucumber-junit-7.23.0.jar:7.23.0]
	at io.cucumber.junit.FeatureRunner.runChild(FeatureRunner.java:144) [cucumber-junit-7.23.0.jar:7.23.0]
	at io.cucumber.junit.FeatureRunner.runChild(FeatureRunner.java:28) [cucumber-junit-7.23.0.jar:7.23.0]
	at org.junit.runners.ParentRunner$4.run(ParentRunner.java:331) [junit-4.13.2.jar:4.13.2]
	at org.junit.runners.ParentRunner$1.schedule(ParentRunner.java:79) [junit-4.13.2.jar:4.13.2]
	at org.junit.runners.ParentRunner.runChildren(ParentRunner.java:329) [junit-4.13.2.jar:4.13.2]
	at org.junit.runners.ParentRunner.access$100(ParentRunner.java:66) [junit-4.13.2.jar:4.13.2]
	at org.junit.runners.ParentRunner$2.evaluate(ParentRunner.java:293) [junit-4.13.2.jar:4.13.2]
	at org.junit.runners.ParentRunner$3.evaluate(ParentRunner.java:306) [junit-4.13.2.jar:4.13.2]
	at org.junit.runners.ParentRunner.run(ParentRunner.java:413) [junit-4.13.2.jar:4.13.2]
	at io.cucumber.junit.FeatureRunner.run(FeatureRunner.java:137) [cucumber-junit-7.23.0.jar:7.23.0]
	at io.cucumber.junit.Cucumber.runChild(Cucumber.java:199) [cucumber-junit-7.23.0.jar:7.23.0]
	at io.cucumber.junit.Cucumber.runChild(Cucumber.java:89) [cucumber-junit-7.23.0.jar:7.23.0]
	at org.junit.runners.ParentRunner$4.run(ParentRunner.java:331) [junit-4.13.2.jar:4.13.2]
	at org.junit.runners.ParentRunner$1.schedule(ParentRunner.java:79) [junit-4.13.2.jar:4.13.2]
	at org.junit.runners.ParentRunner.runChildren(ParentRunner.java:329) [junit-4.13.2.jar:4.13.2]
	at org.junit.runners.ParentRunner.access$100(ParentRunner.java:66) [junit-4.13.2.jar:4.13.2]
	at org.junit.runners.ParentRunner$2.evaluate(ParentRunner.java:293) [junit-4.13.2.jar:4.13.2]
	at io.cucumber.core.runtime.CucumberExecutionContext.lambda$runFeatures$6(CucumberExecutionContext.java:147) [cucumber-core-7.23.0.jar:7.23.0]
	at io.cucumber.core.runtime.CucumberExecutionContext.execute(CucumberExecutionContext.java:162) [cucumber-core-7.23.0.jar:7.23.0]
	at io.cucumber.core.runtime.CucumberExecutionContext.runFeatures(CucumberExecutionContext.java:145) [cucumber-core-7.23.0.jar:7.23.0]
	at io.cucumber.junit.Cucumber$StartAndFinishTestRun.evaluate(Cucumber.java:229) [cucumber-junit-7.23.0.jar:7.23.0]
	at org.junit.runners.ParentRunner$3.evaluate(ParentRunner.java:306) [junit-4.13.2.jar:4.13.2]
	at org.junit.runners.ParentRunner.run(ParentRunner.java:413) [junit-4.13.2.jar:4.13.2]
	at org.junit.runner.JUnitCore.run(JUnitCore.java:137) [junit-4.13.2.jar:4.13.2]
	at com.intellij.junit4.JUnit4IdeaTestRunner.startRunnerWithArgs(JUnit4IdeaTestRunner.java:69) [junit-rt.jar:?]
	at com.intellij.rt.junit.IdeaTestRunner$Repeater$1.execute(IdeaTestRunner.java:38) [junit-rt.jar:?]
	at com.intellij.rt.execution.junit.TestsRepeater.repeat(TestsRepeater.java:11) [idea_rt.jar:?]
	at com.intellij.rt.junit.IdeaTestRunner$Repeater.startRunnerWithArgs(IdeaTestRunner.java:35) [junit-rt.jar:?]
	at com.intellij.rt.junit.JUnitStarter.prepareStreamsAndStart(JUnitStarter.java:231) [junit-rt.jar:?]
	at com.intellij.rt.junit.JUnitStarter.main(JUnitStarter.java:55) [junit-rt.jar:?]
2025-07-01 11:56:34 INFO  Hooks:96 - Finished scenario: Capture error message on invalid phone number submission with status: FAILED
2025-07-01 11:57:06 ERROR Hooks:77 - Scenario failed: Retrieve and display sub-menu items under Fitness > Gym
2025-07-01 11:57:06 ERROR Hooks:91 - Failed to take or attach screenshot: Cannot invoke "org.openqa.selenium.TakesScreenshot.getScreenshotAs(org.openqa.selenium.OutputType)" because "tss" is null
java.lang.NullPointerException: Cannot invoke "org.openqa.selenium.TakesScreenshot.getScreenshotAs(org.openqa.selenium.OutputType)" because "tss" is null
	at stepdefinitions.Hooks.teardown(Hooks.java:82) [test-classes/:?]
	at java.base/jdk.internal.reflect.DirectMethodHandleAccessor.invoke(DirectMethodHandleAccessor.java:104) ~[?:?]
	at java.base/java.lang.reflect.Method.invoke(Method.java:565) ~[?:?]
	at io.cucumber.java.Invoker.doInvoke(Invoker.java:66) [cucumber-java-7.23.0.jar:7.23.0]
	at io.cucumber.java.Invoker.invoke(Invoker.java:24) [cucumber-java-7.23.0.jar:7.23.0]
	at io.cucumber.java.AbstractGlueDefinition.invokeMethod(AbstractGlueDefinition.java:47) [cucumber-java-7.23.0.jar:7.23.0]
	at io.cucumber.java.JavaHookDefinition.execute(JavaHookDefinition.java:68) [cucumber-java-7.23.0.jar:7.23.0]
	at io.cucumber.core.runner.CoreHookDefinition.execute(CoreHookDefinition.java:47) [cucumber-core-7.23.0.jar:7.23.0]
	at io.cucumber.core.runner.HookDefinitionMatch.runStep(HookDefinitionMatch.java:21) [cucumber-core-7.23.0.jar:7.23.0]
	at io.cucumber.core.runner.ExecutionMode$1.execute(ExecutionMode.java:10) [cucumber-core-7.23.0.jar:7.23.0]
	at io.cucumber.core.runner.TestStep.executeStep(TestStep.java:81) [cucumber-core-7.23.0.jar:7.23.0]
	at io.cucumber.core.runner.TestStep.run(TestStep.java:53) [cucumber-core-7.23.0.jar:7.23.0]
	at io.cucumber.core.runner.TestCase.run(TestCase.java:92) [cucumber-core-7.23.0.jar:7.23.0]
	at io.cucumber.core.runner.Runner.runPickle(Runner.java:77) [cucumber-core-7.23.0.jar:7.23.0]
	at io.cucumber.junit.PickleRunners$NoStepDescriptions.lambda$run$0(PickleRunners.java:151) [cucumber-junit-7.23.0.jar:7.23.0]
	at io.cucumber.core.runtime.CucumberExecutionContext.lambda$runTestCase$5(CucumberExecutionContext.java:136) [cucumber-core-7.23.0.jar:7.23.0]
	at io.cucumber.core.runtime.RethrowingThrowableCollector.executeAndThrow(RethrowingThrowableCollector.java:23) [cucumber-core-7.23.0.jar:7.23.0]
	at io.cucumber.core.runtime.CucumberExecutionContext.runTestCase(CucumberExecutionContext.java:136) [cucumber-core-7.23.0.jar:7.23.0]
	at io.cucumber.junit.PickleRunners$NoStepDescriptions.run(PickleRunners.java:148) [cucumber-junit-7.23.0.jar:7.23.0]
	at io.cucumber.junit.FeatureRunner.runChild(FeatureRunner.java:144) [cucumber-junit-7.23.0.jar:7.23.0]
	at io.cucumber.junit.FeatureRunner.runChild(FeatureRunner.java:28) [cucumber-junit-7.23.0.jar:7.23.0]
	at org.junit.runners.ParentRunner$4.run(ParentRunner.java:331) [junit-4.13.2.jar:4.13.2]
	at org.junit.runners.ParentRunner$1.schedule(ParentRunner.java:79) [junit-4.13.2.jar:4.13.2]
	at org.junit.runners.ParentRunner.runChildren(ParentRunner.java:329) [junit-4.13.2.jar:4.13.2]
	at org.junit.runners.ParentRunner.access$100(ParentRunner.java:66) [junit-4.13.2.jar:4.13.2]
	at org.junit.runners.ParentRunner$2.evaluate(ParentRunner.java:293) [junit-4.13.2.jar:4.13.2]
	at org.junit.runners.ParentRunner$3.evaluate(ParentRunner.java:306) [junit-4.13.2.jar:4.13.2]
	at org.junit.runners.ParentRunner.run(ParentRunner.java:413) [junit-4.13.2.jar:4.13.2]
	at io.cucumber.junit.FeatureRunner.run(FeatureRunner.java:137) [cucumber-junit-7.23.0.jar:7.23.0]
	at io.cucumber.junit.Cucumber.runChild(Cucumber.java:199) [cucumber-junit-7.23.0.jar:7.23.0]
	at io.cucumber.junit.Cucumber.runChild(Cucumber.java:89) [cucumber-junit-7.23.0.jar:7.23.0]
	at org.junit.runners.ParentRunner$4.run(ParentRunner.java:331) [junit-4.13.2.jar:4.13.2]
	at org.junit.runners.ParentRunner$1.schedule(ParentRunner.java:79) [junit-4.13.2.jar:4.13.2]
	at org.junit.runners.ParentRunner.runChildren(ParentRunner.java:329) [junit-4.13.2.jar:4.13.2]
	at org.junit.runners.ParentRunner.access$100(ParentRunner.java:66) [junit-4.13.2.jar:4.13.2]
	at org.junit.runners.ParentRunner$2.evaluate(ParentRunner.java:293) [junit-4.13.2.jar:4.13.2]
	at io.cucumber.core.runtime.CucumberExecutionContext.lambda$runFeatures$6(CucumberExecutionContext.java:147) [cucumber-core-7.23.0.jar:7.23.0]
	at io.cucumber.core.runtime.CucumberExecutionContext.execute(CucumberExecutionContext.java:162) [cucumber-core-7.23.0.jar:7.23.0]
	at io.cucumber.core.runtime.CucumberExecutionContext.runFeatures(CucumberExecutionContext.java:145) [cucumber-core-7.23.0.jar:7.23.0]
	at io.cucumber.junit.Cucumber$StartAndFinishTestRun.evaluate(Cucumber.java:229) [cucumber-junit-7.23.0.jar:7.23.0]
	at org.junit.runners.ParentRunner$3.evaluate(ParentRunner.java:306) [junit-4.13.2.jar:4.13.2]
	at org.junit.runners.ParentRunner.run(ParentRunner.java:413) [junit-4.13.2.jar:4.13.2]
	at org.junit.runner.JUnitCore.run(JUnitCore.java:137) [junit-4.13.2.jar:4.13.2]
	at com.intellij.junit4.JUnit4IdeaTestRunner.startRunnerWithArgs(JUnit4IdeaTestRunner.java:69) [junit-rt.jar:?]
	at com.intellij.rt.junit.IdeaTestRunner$Repeater$1.execute(IdeaTestRunner.java:38) [junit-rt.jar:?]
	at com.intellij.rt.execution.junit.TestsRepeater.repeat(TestsRepeater.java:11) [idea_rt.jar:?]
	at com.intellij.rt.junit.IdeaTestRunner$Repeater.startRunnerWithArgs(IdeaTestRunner.java:35) [junit-rt.jar:?]
	at com.intellij.rt.junit.JUnitStarter.prepareStreamsAndStart(JUnitStarter.java:231) [junit-rt.jar:?]
	at com.intellij.rt.junit.JUnitStarter.main(JUnitStarter.java:55) [junit-rt.jar:?]
2025-07-01 11:57:10 INFO  Hooks:96 - Finished scenario: Retrieve and display sub-menu items under Fitness > Gym with status: FAILED
2025-07-01 12:01:36 INFO  Hooks:96 - Finished scenario: Display top 5 car wash services meeting criteria with status: PASSED
2025-07-01 12:02:15 ERROR Hooks:77 - Scenario failed: Capture error message on invalid phone number submission
2025-07-01 12:02:15 ERROR Hooks:91 - Failed to take or attach screenshot: Cannot invoke "org.openqa.selenium.TakesScreenshot.getScreenshotAs(org.openqa.selenium.OutputType)" because "tss" is null
java.lang.NullPointerException: Cannot invoke "org.openqa.selenium.TakesScreenshot.getScreenshotAs(org.openqa.selenium.OutputType)" because "tss" is null
	at stepdefinitions.Hooks.teardown(Hooks.java:82) [test-classes/:?]
	at java.base/jdk.internal.reflect.DirectMethodHandleAccessor.invoke(DirectMethodHandleAccessor.java:104) ~[?:?]
	at java.base/java.lang.reflect.Method.invoke(Method.java:565) ~[?:?]
	at io.cucumber.java.Invoker.doInvoke(Invoker.java:66) [cucumber-java-7.23.0.jar:7.23.0]
	at io.cucumber.java.Invoker.invoke(Invoker.java:24) [cucumber-java-7.23.0.jar:7.23.0]
	at io.cucumber.java.AbstractGlueDefinition.invokeMethod(AbstractGlueDefinition.java:47) [cucumber-java-7.23.0.jar:7.23.0]
	at io.cucumber.java.JavaHookDefinition.execute(JavaHookDefinition.java:68) [cucumber-java-7.23.0.jar:7.23.0]
	at io.cucumber.core.runner.CoreHookDefinition.execute(CoreHookDefinition.java:47) [cucumber-core-7.23.0.jar:7.23.0]
	at io.cucumber.core.runner.HookDefinitionMatch.runStep(HookDefinitionMatch.java:21) [cucumber-core-7.23.0.jar:7.23.0]
	at io.cucumber.core.runner.ExecutionMode$1.execute(ExecutionMode.java:10) [cucumber-core-7.23.0.jar:7.23.0]
	at io.cucumber.core.runner.TestStep.executeStep(TestStep.java:81) [cucumber-core-7.23.0.jar:7.23.0]
	at io.cucumber.core.runner.TestStep.run(TestStep.java:53) [cucumber-core-7.23.0.jar:7.23.0]
	at io.cucumber.core.runner.TestCase.run(TestCase.java:92) [cucumber-core-7.23.0.jar:7.23.0]
	at io.cucumber.core.runner.Runner.runPickle(Runner.java:77) [cucumber-core-7.23.0.jar:7.23.0]
	at io.cucumber.junit.PickleRunners$NoStepDescriptions.lambda$run$0(PickleRunners.java:151) [cucumber-junit-7.23.0.jar:7.23.0]
	at io.cucumber.core.runtime.CucumberExecutionContext.lambda$runTestCase$5(CucumberExecutionContext.java:136) [cucumber-core-7.23.0.jar:7.23.0]
	at io.cucumber.core.runtime.RethrowingThrowableCollector.executeAndThrow(RethrowingThrowableCollector.java:23) [cucumber-core-7.23.0.jar:7.23.0]
	at io.cucumber.core.runtime.CucumberExecutionContext.runTestCase(CucumberExecutionContext.java:136) [cucumber-core-7.23.0.jar:7.23.0]
	at io.cucumber.junit.PickleRunners$NoStepDescriptions.run(PickleRunners.java:148) [cucumber-junit-7.23.0.jar:7.23.0]
	at io.cucumber.junit.FeatureRunner.runChild(FeatureRunner.java:144) [cucumber-junit-7.23.0.jar:7.23.0]
	at io.cucumber.junit.FeatureRunner.runChild(FeatureRunner.java:28) [cucumber-junit-7.23.0.jar:7.23.0]
	at org.junit.runners.ParentRunner$4.run(ParentRunner.java:331) [junit-4.13.2.jar:4.13.2]
	at org.junit.runners.ParentRunner$1.schedule(ParentRunner.java:79) [junit-4.13.2.jar:4.13.2]
	at org.junit.runners.ParentRunner.runChildren(ParentRunner.java:329) [junit-4.13.2.jar:4.13.2]
	at org.junit.runners.ParentRunner.access$100(ParentRunner.java:66) [junit-4.13.2.jar:4.13.2]
	at org.junit.runners.ParentRunner$2.evaluate(ParentRunner.java:293) [junit-4.13.2.jar:4.13.2]
	at org.junit.runners.ParentRunner$3.evaluate(ParentRunner.java:306) [junit-4.13.2.jar:4.13.2]
	at org.junit.runners.ParentRunner.run(ParentRunner.java:413) [junit-4.13.2.jar:4.13.2]
	at io.cucumber.junit.FeatureRunner.run(FeatureRunner.java:137) [cucumber-junit-7.23.0.jar:7.23.0]
	at io.cucumber.junit.Cucumber.runChild(Cucumber.java:199) [cucumber-junit-7.23.0.jar:7.23.0]
	at io.cucumber.junit.Cucumber.runChild(Cucumber.java:89) [cucumber-junit-7.23.0.jar:7.23.0]
	at org.junit.runners.ParentRunner$4.run(ParentRunner.java:331) [junit-4.13.2.jar:4.13.2]
	at org.junit.runners.ParentRunner$1.schedule(ParentRunner.java:79) [junit-4.13.2.jar:4.13.2]
	at org.junit.runners.ParentRunner.runChildren(ParentRunner.java:329) [junit-4.13.2.jar:4.13.2]
	at org.junit.runners.ParentRunner.access$100(ParentRunner.java:66) [junit-4.13.2.jar:4.13.2]
	at org.junit.runners.ParentRunner$2.evaluate(ParentRunner.java:293) [junit-4.13.2.jar:4.13.2]
	at io.cucumber.core.runtime.CucumberExecutionContext.lambda$runFeatures$6(CucumberExecutionContext.java:147) [cucumber-core-7.23.0.jar:7.23.0]
	at io.cucumber.core.runtime.CucumberExecutionContext.execute(CucumberExecutionContext.java:162) [cucumber-core-7.23.0.jar:7.23.0]
	at io.cucumber.core.runtime.CucumberExecutionContext.runFeatures(CucumberExecutionContext.java:145) [cucumber-core-7.23.0.jar:7.23.0]
	at io.cucumber.junit.Cucumber$StartAndFinishTestRun.evaluate(Cucumber.java:229) [cucumber-junit-7.23.0.jar:7.23.0]
	at org.junit.runners.ParentRunner$3.evaluate(ParentRunner.java:306) [junit-4.13.2.jar:4.13.2]
	at org.junit.runners.ParentRunner.run(ParentRunner.java:413) [junit-4.13.2.jar:4.13.2]
	at org.junit.runner.JUnitCore.run(JUnitCore.java:137) [junit-4.13.2.jar:4.13.2]
	at com.intellij.junit4.JUnit4IdeaTestRunner.startRunnerWithArgs(JUnit4IdeaTestRunner.java:69) [junit-rt.jar:?]
	at com.intellij.rt.junit.IdeaTestRunner$Repeater$1.execute(IdeaTestRunner.java:38) [junit-rt.jar:?]
	at com.intellij.rt.execution.junit.TestsRepeater.repeat(TestsRepeater.java:11) [idea_rt.jar:?]
	at com.intellij.rt.junit.IdeaTestRunner$Repeater.startRunnerWithArgs(IdeaTestRunner.java:35) [junit-rt.jar:?]
	at com.intellij.rt.junit.JUnitStarter.prepareStreamsAndStart(JUnitStarter.java:231) [junit-rt.jar:?]
	at com.intellij.rt.junit.JUnitStarter.main(JUnitStarter.java:55) [junit-rt.jar:?]
2025-07-01 12:02:20 INFO  Hooks:96 - Finished scenario: Capture error message on invalid phone number submission with status: FAILED
2025-07-01 12:02:49 INFO  Hooks:96 - Finished scenario: Retrieve and display sub-menu items under Fitness > Gym with status: PASSED
2025-07-01 12:16:59 INFO  Hooks:96 - Finished scenario: Display top 5 car wash services meeting criteria with status: PASSED
2025-07-01 12:17:52 ERROR Hooks:77 - Scenario failed: Capture error message on invalid phone number submission
2025-07-01 12:17:52 ERROR Hooks:91 - Failed to take or attach screenshot: Cannot invoke "org.openqa.selenium.TakesScreenshot.getScreenshotAs(org.openqa.selenium.OutputType)" because "tss" is null
java.lang.NullPointerException: Cannot invoke "org.openqa.selenium.TakesScreenshot.getScreenshotAs(org.openqa.selenium.OutputType)" because "tss" is null
	at stepdefinitions.Hooks.teardown(Hooks.java:82) [test-classes/:?]
	at java.base/jdk.internal.reflect.DirectMethodHandleAccessor.invoke(DirectMethodHandleAccessor.java:104) ~[?:?]
	at java.base/java.lang.reflect.Method.invoke(Method.java:565) ~[?:?]
	at io.cucumber.java.Invoker.doInvoke(Invoker.java:66) [cucumber-java-7.23.0.jar:7.23.0]
	at io.cucumber.java.Invoker.invoke(Invoker.java:24) [cucumber-java-7.23.0.jar:7.23.0]
	at io.cucumber.java.AbstractGlueDefinition.invokeMethod(AbstractGlueDefinition.java:47) [cucumber-java-7.23.0.jar:7.23.0]
	at io.cucumber.java.JavaHookDefinition.execute(JavaHookDefinition.java:68) [cucumber-java-7.23.0.jar:7.23.0]
	at io.cucumber.core.runner.CoreHookDefinition.execute(CoreHookDefinition.java:47) [cucumber-core-7.23.0.jar:7.23.0]
	at io.cucumber.core.runner.HookDefinitionMatch.runStep(HookDefinitionMatch.java:21) [cucumber-core-7.23.0.jar:7.23.0]
	at io.cucumber.core.runner.ExecutionMode$1.execute(ExecutionMode.java:10) [cucumber-core-7.23.0.jar:7.23.0]
	at io.cucumber.core.runner.TestStep.executeStep(TestStep.java:81) [cucumber-core-7.23.0.jar:7.23.0]
	at io.cucumber.core.runner.TestStep.run(TestStep.java:53) [cucumber-core-7.23.0.jar:7.23.0]
	at io.cucumber.core.runner.TestCase.run(TestCase.java:92) [cucumber-core-7.23.0.jar:7.23.0]
	at io.cucumber.core.runner.Runner.runPickle(Runner.java:77) [cucumber-core-7.23.0.jar:7.23.0]
	at io.cucumber.junit.PickleRunners$NoStepDescriptions.lambda$run$0(PickleRunners.java:151) [cucumber-junit-7.23.0.jar:7.23.0]
	at io.cucumber.core.runtime.CucumberExecutionContext.lambda$runTestCase$5(CucumberExecutionContext.java:136) [cucumber-core-7.23.0.jar:7.23.0]
	at io.cucumber.core.runtime.RethrowingThrowableCollector.executeAndThrow(RethrowingThrowableCollector.java:23) [cucumber-core-7.23.0.jar:7.23.0]
	at io.cucumber.core.runtime.CucumberExecutionContext.runTestCase(CucumberExecutionContext.java:136) [cucumber-core-7.23.0.jar:7.23.0]
	at io.cucumber.junit.PickleRunners$NoStepDescriptions.run(PickleRunners.java:148) [cucumber-junit-7.23.0.jar:7.23.0]
	at io.cucumber.junit.FeatureRunner.runChild(FeatureRunner.java:144) [cucumber-junit-7.23.0.jar:7.23.0]
	at io.cucumber.junit.FeatureRunner.runChild(FeatureRunner.java:28) [cucumber-junit-7.23.0.jar:7.23.0]
	at org.junit.runners.ParentRunner$4.run(ParentRunner.java:331) [junit-4.13.2.jar:4.13.2]
	at org.junit.runners.ParentRunner$1.schedule(ParentRunner.java:79) [junit-4.13.2.jar:4.13.2]
	at org.junit.runners.ParentRunner.runChildren(ParentRunner.java:329) [junit-4.13.2.jar:4.13.2]
	at org.junit.runners.ParentRunner.access$100(ParentRunner.java:66) [junit-4.13.2.jar:4.13.2]
	at org.junit.runners.ParentRunner$2.evaluate(ParentRunner.java:293) [junit-4.13.2.jar:4.13.2]
	at org.junit.runners.ParentRunner$3.evaluate(ParentRunner.java:306) [junit-4.13.2.jar:4.13.2]
	at org.junit.runners.ParentRunner.run(ParentRunner.java:413) [junit-4.13.2.jar:4.13.2]
	at io.cucumber.junit.FeatureRunner.run(FeatureRunner.java:137) [cucumber-junit-7.23.0.jar:7.23.0]
	at io.cucumber.junit.Cucumber.runChild(Cucumber.java:199) [cucumber-junit-7.23.0.jar:7.23.0]
	at io.cucumber.junit.Cucumber.runChild(Cucumber.java:89) [cucumber-junit-7.23.0.jar:7.23.0]
	at org.junit.runners.ParentRunner$4.run(ParentRunner.java:331) [junit-4.13.2.jar:4.13.2]
	at org.junit.runners.ParentRunner$1.schedule(ParentRunner.java:79) [junit-4.13.2.jar:4.13.2]
	at org.junit.runners.ParentRunner.runChildren(ParentRunner.java:329) [junit-4.13.2.jar:4.13.2]
	at org.junit.runners.ParentRunner.access$100(ParentRunner.java:66) [junit-4.13.2.jar:4.13.2]
	at org.junit.runners.ParentRunner$2.evaluate(ParentRunner.java:293) [junit-4.13.2.jar:4.13.2]
	at io.cucumber.core.runtime.CucumberExecutionContext.lambda$runFeatures$6(CucumberExecutionContext.java:147) [cucumber-core-7.23.0.jar:7.23.0]
	at io.cucumber.core.runtime.CucumberExecutionContext.execute(CucumberExecutionContext.java:162) [cucumber-core-7.23.0.jar:7.23.0]
	at io.cucumber.core.runtime.CucumberExecutionContext.runFeatures(CucumberExecutionContext.java:145) [cucumber-core-7.23.0.jar:7.23.0]
	at io.cucumber.junit.Cucumber$StartAndFinishTestRun.evaluate(Cucumber.java:229) [cucumber-junit-7.23.0.jar:7.23.0]
	at org.junit.runners.ParentRunner$3.evaluate(ParentRunner.java:306) [junit-4.13.2.jar:4.13.2]
	at org.junit.runners.ParentRunner.run(ParentRunner.java:413) [junit-4.13.2.jar:4.13.2]
	at org.junit.runner.JUnitCore.run(JUnitCore.java:137) [junit-4.13.2.jar:4.13.2]
	at com.intellij.junit4.JUnit4IdeaTestRunner.startRunnerWithArgs(JUnit4IdeaTestRunner.java:69) [junit-rt.jar:?]
	at com.intellij.rt.junit.IdeaTestRunner$Repeater$1.execute(IdeaTestRunner.java:38) [junit-rt.jar:?]
	at com.intellij.rt.execution.junit.TestsRepeater.repeat(TestsRepeater.java:11) [idea_rt.jar:?]
	at com.intellij.rt.junit.IdeaTestRunner$Repeater.startRunnerWithArgs(IdeaTestRunner.java:35) [junit-rt.jar:?]
	at com.intellij.rt.junit.JUnitStarter.prepareStreamsAndStart(JUnitStarter.java:231) [junit-rt.jar:?]
	at com.intellij.rt.junit.JUnitStarter.main(JUnitStarter.java:55) [junit-rt.jar:?]
2025-07-01 12:17:57 INFO  Hooks:96 - Finished scenario: Capture error message on invalid phone number submission with status: FAILED
2025-07-01 12:18:26 INFO  Hooks:96 - Finished scenario: Retrieve and display sub-menu items under Fitness > Gym with status: PASSED
2025-07-01 12:24:50 INFO  Hooks:41 - Starting scenario: Display top 5 car wash services meeting criteria
2025-07-01 12:25:23 INFO  Hooks:60 - Clicked 'Maybe Later' popup during setup.
2025-07-01 12:25:40 ERROR Hooks:77 - Scenario failed: Display top 5 car wash services meeting criteria
2025-07-01 12:25:41 INFO  Hooks:85 - Screenshot taken and attached for failed scenario: Display top 5 car wash services meeting criteria
2025-07-01 12:25:45 INFO  Hooks:96 - Finished scenario: Display top 5 car wash services meeting criteria with status: FAILED
2025-07-01 12:25:45 INFO  Hooks:41 - Starting scenario: Capture error message on invalid phone number submission
2025-07-01 12:27:52 INFO  Hooks:41 - Starting scenario: Display top 5 car wash services meeting criteria
2025-07-01 12:28:08 INFO  Hooks:59 - Clicked 'Maybe Later' popup during setup.
2025-07-01 12:28:27 ERROR Hooks:76 - Scenario failed: Display top 5 car wash services meeting criteria
2025-07-01 12:28:28 INFO  Hooks:84 - Screenshot taken and attached for failed scenario: Display top 5 car wash services meeting criteria
2025-07-01 12:28:34 INFO  Hooks:95 - Finished scenario: Display top 5 car wash services meeting criteria with status: FAILED
2025-07-01 12:28:34 INFO  Hooks:41 - Starting scenario: Capture error message on invalid phone number submission
2025-07-01 12:28:49 INFO  Hooks:59 - Clicked 'Maybe Later' popup during setup.
2025-07-01 12:29:16 ERROR Hooks:76 - Scenario failed: Capture error message on invalid phone number submission
2025-07-01 12:29:17 INFO  Hooks:84 - Screenshot taken and attached for failed scenario: Capture error message on invalid phone number submission
2025-07-01 12:29:22 INFO  Hooks:95 - Finished scenario: Capture error message on invalid phone number submission with status: FAILED
2025-07-01 12:29:22 INFO  Hooks:41 - Starting scenario: Retrieve and display sub-menu items under Fitness > Gym
2025-07-01 12:29:38 INFO  Hooks:59 - Clicked 'Maybe Later' popup during setup.
2025-07-01 12:29:59 INFO  Hooks:95 - Finished scenario: Retrieve and display sub-menu items under Fitness > Gym with status: PASSED
2025-07-01 12:31:39 INFO  Hooks:41 - Starting scenario: Display top 5 car wash services meeting criteria
2025-07-01 12:31:57 INFO  Hooks:59 - Clicked 'Maybe Later' popup during setup.
2025-07-01 12:32:15 ERROR Hooks:76 - Scenario failed: Display top 5 car wash services meeting criteria
2025-07-01 12:32:16 INFO  Hooks:84 - Screenshot taken and attached for failed scenario: Display top 5 car wash services meeting criteria
2025-07-01 12:32:27 INFO  Hooks:95 - Finished scenario: Display top 5 car wash services meeting criteria with status: FAILED
2025-07-01 12:32:27 INFO  Hooks:41 - Starting scenario: Capture error message on invalid phone number submission
2025-07-01 12:33:39 INFO  Hooks:41 - Starting scenario: Display top 5 car wash services meeting criteria
2025-07-01 12:33:57 INFO  Hooks:59 - Clicked 'Maybe Later' popup during setup.
2025-07-01 12:34:18 ERROR Hooks:76 - Scenario failed: Display top 5 car wash services meeting criteria
2025-07-01 12:34:19 INFO  Hooks:84 - Screenshot taken and attached for failed scenario: Display top 5 car wash services meeting criteria
2025-07-01 12:34:27 INFO  Hooks:95 - Finished scenario: Display top 5 car wash services meeting criteria with status: FAILED
2025-07-01 12:34:27 INFO  Hooks:41 - Starting scenario: Capture error message on invalid phone number submission
2025-07-01 12:34:57 INFO  Hooks:59 - Clicked 'Maybe Later' popup during setup.
2025-07-01 13:57:00 INFO  Hooks:41 - Starting scenario: Capture error message on invalid phone number submission
2025-07-01 13:57:14 INFO  Hooks:59 - Clicked 'Maybe Later' popup during setup.
2025-07-01 13:58:07 INFO  Hooks:41 - Starting scenario: Capture error message on invalid phone number submission
2025-07-01 13:58:20 INFO  Hooks:59 - Clicked 'Maybe Later' popup during setup.
2025-07-01 13:59:05 ERROR Hooks:76 - Scenario failed: Capture error message on invalid phone number submission
2025-07-01 13:59:06 INFO  Hooks:84 - Screenshot taken and attached for failed scenario: Capture error message on invalid phone number submission
2025-07-01 13:59:10 INFO  Hooks:95 - Finished scenario: Capture error message on invalid phone number submission with status: FAILED
2025-07-01 14:00:31 INFO  Hooks:41 - Starting scenario: Display top 5 car wash services meeting criteria
2025-07-01 14:00:44 INFO  Hooks:59 - Clicked 'Maybe Later' popup during setup.
2025-07-01 14:00:58 ERROR Hooks:76 - Scenario failed: Display top 5 car wash services meeting criteria
2025-07-01 14:00:59 INFO  Hooks:84 - Screenshot taken and attached for failed scenario: Display top 5 car wash services meeting criteria
2025-07-01 14:01:03 INFO  Hooks:95 - Finished scenario: Display top 5 car wash services meeting criteria with status: FAILED
2025-07-01 14:01:03 INFO  Hooks:41 - Starting scenario: Capture error message on invalid phone number submission
2025-07-01 14:01:16 INFO  Hooks:59 - Clicked 'Maybe Later' popup during setup.
2025-07-01 14:02:01 ERROR Hooks:76 - Scenario failed: Capture error message on invalid phone number submission
2025-07-01 14:02:02 INFO  Hooks:84 - Screenshot taken and attached for failed scenario: Capture error message on invalid phone number submission
2025-07-01 14:02:05 INFO  Hooks:95 - Finished scenario: Capture error message on invalid phone number submission with status: FAILED
2025-07-01 14:02:05 INFO  Hooks:41 - Starting scenario: Retrieve and display sub-menu items under Fitness > Gym
2025-07-01 14:02:18 INFO  Hooks:59 - Clicked 'Maybe Later' popup during setup.
2025-07-01 14:02:45 INFO  Hooks:95 - Finished scenario: Retrieve and display sub-menu items under Fitness > Gym with status: PASSED
2025-07-01 14:04:49 INFO  Hooks:41 - Starting scenario: Display top 5 car wash services meeting criteria
2025-07-01 14:05:16 INFO  Hooks:41 - Starting scenario: Display top 5 car wash services meeting criteria
2025-07-01 14:05:29 INFO  Hooks:59 - Clicked 'Maybe Later' popup during setup.
2025-07-01 14:05:43 ERROR Hooks:76 - Scenario failed: Display top 5 car wash services meeting criteria
2025-07-01 14:05:44 INFO  Hooks:84 - Screenshot taken and attached for failed scenario: Display top 5 car wash services meeting criteria
2025-07-01 14:05:47 INFO  Hooks:95 - Finished scenario: Display top 5 car wash services meeting criteria with status: FAILED
2025-07-01 14:05:47 INFO  Hooks:41 - Starting scenario: Capture error message on invalid phone number submission
2025-07-01 14:06:01 INFO  Hooks:59 - Clicked 'Maybe Later' popup during setup.
2025-07-01 14:06:48 ERROR Hooks:76 - Scenario failed: Capture error message on invalid phone number submission
2025-07-01 14:06:49 INFO  Hooks:84 - Screenshot taken and attached for failed scenario: Capture error message on invalid phone number submission
2025-07-01 14:06:52 INFO  Hooks:95 - Finished scenario: Capture error message on invalid phone number submission with status: FAILED
2025-07-01 14:06:52 INFO  Hooks:41 - Starting scenario: Retrieve and display sub-menu items under Fitness > Gym
2025-07-01 14:07:05 INFO  Hooks:59 - Clicked 'Maybe Later' popup during setup.
2025-07-01 14:07:33 INFO  Hooks:95 - Finished scenario: Retrieve and display sub-menu items under Fitness > Gym with status: PASSED
2025-07-01 14:08:57 INFO  Hooks:41 - Starting scenario: Display top 5 car wash services meeting criteria
2025-07-01 14:09:09 INFO  Hooks:59 - Clicked 'Maybe Later' popup during setup.
2025-07-01 14:09:23 ERROR Hooks:76 - Scenario failed: Display top 5 car wash services meeting criteria
2025-07-01 14:09:23 INFO  Hooks:84 - Screenshot taken and attached for failed scenario: Display top 5 car wash services meeting criteria
2025-07-01 14:09:29 INFO  Hooks:95 - Finished scenario: Display top 5 car wash services meeting criteria with status: FAILED
2025-07-01 14:10:23 INFO  Hooks:41 - Starting scenario: Display top 5 car wash services meeting criteria
2025-07-01 14:10:36 INFO  Hooks:59 - Clicked 'Maybe Later' popup during setup.
2025-07-01 14:11:17 INFO  Hooks:95 - Finished scenario: Display top 5 car wash services meeting criteria with status: PASSED
2025-07-01 14:12:23 INFO  Hooks:41 - Starting scenario: Display top 5 car wash services meeting criteria
2025-07-01 14:12:36 INFO  Hooks:59 - Clicked 'Maybe Later' popup during setup.
2025-07-01 14:13:16 INFO  Hooks:95 - Finished scenario: Display top 5 car wash services meeting criteria with status: PASSED
2025-07-01 14:13:28 INFO  Hooks:41 - Starting scenario: Capture error message on invalid phone number submission
2025-07-01 14:13:41 INFO  Hooks:59 - Clicked 'Maybe Later' popup during setup.
2025-07-01 14:14:26 ERROR Hooks:76 - Scenario failed: Capture error message on invalid phone number submission
2025-07-01 14:14:26 INFO  Hooks:84 - Screenshot taken and attached for failed scenario: Capture error message on invalid phone number submission
2025-07-01 14:14:31 INFO  Hooks:95 - Finished scenario: Capture error message on invalid phone number submission with status: FAILED
2025-07-01 14:27:26 INFO  Hooks:41 - Starting scenario: Retrieve and display sub-menu items under Fitness > Gym
2025-07-01 14:27:39 INFO  Hooks:59 - Clicked 'Maybe Later' popup during setup.
2025-07-01 14:28:06 INFO  Hooks:95 - Finished scenario: Retrieve and display sub-menu items under Fitness > Gym with status: PASSED
2025-07-01 14:28:26 INFO  Hooks:41 - Starting scenario: Retrieve and display sub-menu items under Fitness > Gym
2025-07-01 14:28:39 INFO  Hooks:59 - Clicked 'Maybe Later' popup during setup.
2025-07-01 14:28:56 INFO  Hooks:95 - Finished scenario: Retrieve and display sub-menu items under Fitness > Gym with status: PASSED
2025-07-01 14:29:47 INFO  Hooks:41 - Starting scenario: Display top 5 car wash services meeting criteria
2025-07-01 14:30:00 INFO  Hooks:59 - Clicked 'Maybe Later' popup during setup.
2025-07-01 14:30:41 INFO  Hooks:95 - Finished scenario: Display top 5 car wash services meeting criteria with status: PASSED
2025-07-01 14:30:41 INFO  Hooks:41 - Starting scenario: Capture error message on invalid phone number submission
2025-07-01 14:30:53 INFO  Hooks:59 - Clicked 'Maybe Later' popup during setup.
2025-07-01 14:31:07 ERROR Hooks:76 - Scenario failed: Capture error message on invalid phone number submission
2025-07-01 14:31:08 INFO  Hooks:84 - Screenshot taken and attached for failed scenario: Capture error message on invalid phone number submission
2025-07-01 14:31:11 INFO  Hooks:95 - Finished scenario: Capture error message on invalid phone number submission with status: FAILED
2025-07-01 14:31:12 INFO  Hooks:41 - Starting scenario: Retrieve and display sub-menu items under Fitness > Gym
2025-07-01 14:31:25 INFO  Hooks:59 - Clicked 'Maybe Later' popup during setup.
2025-07-01 14:31:32 INFO  Hooks:95 - Finished scenario: Retrieve and display sub-menu items under Fitness > Gym with status: PASSED
2025-07-01 14:32:46 INFO  Hooks:41 - Starting scenario: Display top 5 car wash services meeting criteria
2025-07-01 14:32:59 INFO  Hooks:59 - Clicked 'Maybe Later' popup during setup.
2025-07-01 14:33:44 INFO  Hooks:95 - Finished scenario: Display top 5 car wash services meeting criteria with status: PASSED
2025-07-01 14:33:44 INFO  Hooks:41 - Starting scenario: Capture error message on invalid phone number submission
2025-07-01 14:33:57 INFO  Hooks:59 - Clicked 'Maybe Later' popup during setup.
2025-07-01 14:34:10 ERROR Hooks:76 - Scenario failed: Capture error message on invalid phone number submission
2025-07-01 14:34:10 INFO  Hooks:84 - Screenshot taken and attached for failed scenario: Capture error message on invalid phone number submission
2025-07-01 14:34:14 INFO  Hooks:95 - Finished scenario: Capture error message on invalid phone number submission with status: FAILED
2025-07-01 14:34:14 INFO  Hooks:41 - Starting scenario: Retrieve and display sub-menu items under Fitness > Gym
2025-07-01 14:34:26 INFO  Hooks:59 - Clicked 'Maybe Later' popup during setup.
2025-07-01 14:34:34 INFO  Hooks:95 - Finished scenario: Retrieve and display sub-menu items under Fitness > Gym with status: PASSED
